<?xml version="1.0" encoding="UTF-8"?>
<!-- Generated by org.testng.reporters.JUnitReportReporter -->
<testsuite hostname="cvg-000211M-090" failures="0" tests="2" name="wandaRestAssuredTest.TestRestAssuredExample" time="1.381" errors="0" timestamp="14 Dec 2018 13:51:41 GMT" skipped="0">
  <testcase classname="wandaRestAssuredTest.TestRestAssuredExample" name="testStatusCode" time="0.160"/>
  <testcase classname="wandaRestAssuredTest.TestRestAssuredExample" name="testLogging" time="1.221"/>
</testsuite> <!-- wandaRestAssuredTest.TestRestAssuredExample -->
