<?xml version="1.0" encoding="UTF-8"?>
<!-- Generated by org.testng.reporters.JUnitReportReporter -->
<testsuite hostname="cvg-000211M-090" failures="0" tests="5" name="whTestPkg.TestAllPassAssertions" time="0.015" errors="0" timestamp="08 Dec 2018 10:02:39 GMT" skipped="0">
  <testcase classname="whTestPkg.TestAllPassAssertions" name="sampleTest1" time="0.002"/>
  <testcase classname="whTestPkg.TestAllPassAssertions" name="sampleTest4" time="0.001"/>
  <testcase classname="whTestPkg.TestAllPassAssertions" name="whTestReport" time="0.001"/>
  <testcase classname="whTestPkg.TestAllPassAssertions" name="sampleTest2" time="0.001"/>
  <testcase classname="whTestPkg.TestAllPassAssertions" name="sampleTest0" time="0.010"/>
</testsuite> <!-- whTestPkg.TestAllPassAssertions -->
