<?xml version="1.0" encoding="UTF-8"?>
<!-- Generated by org.testng.reporters.JUnitReportReporter -->
<testsuite skipped="0" hostname="cvg-000211M-090" name="whTestPkg.BasicExtentReportExample" tests="5" failures="0" timestamp="07 Dec 2018 16:48:44 GMT" time="0.062" errors="0">
  <testcase name="sampleTest4" time="0.001" classname="whTestPkg.BasicExtentReportExample"/>
  <testcase name="sampleTest0" time="0.007" classname="whTestPkg.BasicExtentReportExample"/>
  <testcase name="sampleTest1" time="0.001" classname="whTestPkg.BasicExtentReportExample"/>
  <testcase name="whTestReport" time="0.052" classname="whTestPkg.BasicExtentReportExample"/>
  <testcase name="sampleTest2" time="0.001" classname="whTestPkg.BasicExtentReportExample"/>
</testsuite> <!-- whTestPkg.BasicExtentReportExample -->
