<?xml version="1.0" encoding="UTF-8"?>
<!-- Generated by org.testng.reporters.JUnitReportReporter -->
<testsuite hostname="cvg-000211M-090" failures="0" tests="5" name="whTestPkg.WandaTestExample" time="0.022" errors="0" timestamp="14 Dec 2018 13:59:37 GMT" skipped="0">
  <testcase classname="whTestPkg.WandaTestExample" name="sampleTest4" time="0.001"/>
  <testcase classname="whTestPkg.WandaTestExample" name="sampleTest0" time="0.007"/>
  <testcase classname="whTestPkg.WandaTestExample" name="whTestReport" time="0.012"/>
  <testcase classname="whTestPkg.WandaTestExample" name="sampleTest2" time="0.001"/>
  <testcase classname="whTestPkg.WandaTestExample" name="sampleTest1" time="0.001"/>
</testsuite> <!-- whTestPkg.WandaTestExample -->
