<?xml version="1.0" encoding="UTF-8"?>
<!-- Generated by org.testng.reporters.JUnitReportReporter -->
<testsuite hostname="cvg-000211M-090" failures="0" tests="5" name="whTestPkg.TestAllPassAssertions" time="0.014" errors="0" timestamp="11 Dec 2018 19:43:31 GMT" skipped="0">
  <testcase classname="whTestPkg.TestAllPassAssertions" name="wandaSampleTest0" time="0.001"/>
  <testcase classname="whTestPkg.TestAllPassAssertions" name="sampleTest2" time="0.001"/>
  <testcase classname="whTestPkg.TestAllPassAssertions" name="sampleTest4" time="0.001"/>
  <testcase classname="whTestPkg.TestAllPassAssertions" name="sampleTest1" time="0.010"/>
  <testcase classname="whTestPkg.TestAllPassAssertions" name="whTestReport" time="0.001"/>
</testsuite> <!-- whTestPkg.TestAllPassAssertions -->
