<?xml version="1.0" encoding="UTF-8"?>
<!-- Generated by org.testng.reporters.JUnitReportReporter -->
<testsuite skipped="0" hostname="cvg-000211M-090" name="whTestPkg.BasicExtentReportExample" tests="1" failures="0" timestamp="07 Dec 2018 13:59:12 GMT" time="0.017" errors="0">
  <testcase name="whTestReport" time="0.017" classname="whTestPkg.BasicExtentReportExample"/>
</testsuite> <!-- whTestPkg.BasicExtentReportExample -->
